d:\opengl\my_projects\opengl\opengl\x64\debug\vc142.pdb
d:\opengl\my_projects\opengl\opengl\x64\debug\vc142.idb
d:\opengl\my_projects\opengl\opengl\x64\debug\uniforms_demo_04.obj
d:\opengl\my_projects\opengl\opengl\x64\debug\vertex_arrays_05.obj
d:\opengl\my_projects\opengl\opengl\x64\debug\renderer.obj
d:\opengl\my_projects\opengl\opengl\x64\debug\vertexbuffclass.obj
d:\opengl\my_projects\opengl\opengl\x64\debug\indexbuffclass.obj
d:\opengl\my_projects\opengl\opengl\x64\debug\vertexarray.obj
d:\opengl\my_projects\opengl\opengl\x64\debug\shader.obj
d:\opengl\my_projects\opengl\opengl\x64\debug\extract_vbo_ibo_06.obj
d:\opengl\my_projects\opengl\opengl\x64\debug\application.obj
d:\opengl\my_projects\opengl\opengl\x64\debug\stb_image.obj
d:\opengl\my_projects\opengl\opengl\x64\debug\texture.obj
d:\opengl\my_projects\opengl\opengl\x64\debug\glm.obj
d:\opengl\my_projects\opengl\opengl\x64\debug\imgui_impl_glfw.obj
d:\opengl\my_projects\opengl\opengl\x64\debug\imgui_widgets.obj
d:\opengl\my_projects\opengl\opengl\x64\debug\imgui_tables.obj
d:\opengl\my_projects\opengl\opengl\x64\debug\imgui_draw.obj
d:\opengl\my_projects\opengl\opengl\x64\debug\imgui_demo.obj
d:\opengl\my_projects\opengl\opengl\x64\debug\imgui.obj
d:\opengl\my_projects\opengl\opengl\x64\debug\imgui_impl_opengl3.obj
d:\opengl\my_projects\opengl\x64\debug\opengl.exe
d:\opengl\my_projects\opengl\opengl\x64\debug\opengl.ilk
d:\opengl\my_projects\opengl\x64\debug\opengl.pdb
d:\opengl\my_projects\opengl\opengl\x64\debug\uniforms_demo_04.obj.enc
d:\opengl\my_projects\opengl\opengl\x64\debug\opengl.tlog\cl.command.1.tlog
d:\opengl\my_projects\opengl\opengl\x64\debug\opengl.tlog\cl.read.1.tlog
d:\opengl\my_projects\opengl\opengl\x64\debug\opengl.tlog\cl.write.1.tlog
d:\opengl\my_projects\opengl\opengl\x64\debug\opengl.tlog\link-cvtres.read.1.tlog
d:\opengl\my_projects\opengl\opengl\x64\debug\opengl.tlog\link-cvtres.write.1.tlog
d:\opengl\my_projects\opengl\opengl\x64\debug\opengl.tlog\link-rc.read.1.tlog
d:\opengl\my_projects\opengl\opengl\x64\debug\opengl.tlog\link-rc.write.1.tlog
d:\opengl\my_projects\opengl\opengl\x64\debug\opengl.tlog\link.6580-cvtres.read.1.tlog
d:\opengl\my_projects\opengl\opengl\x64\debug\opengl.tlog\link.6580-cvtres.write.1.tlog
d:\opengl\my_projects\opengl\opengl\x64\debug\opengl.tlog\link.6580-rc.read.1.tlog
d:\opengl\my_projects\opengl\opengl\x64\debug\opengl.tlog\link.6580-rc.write.1.tlog
d:\opengl\my_projects\opengl\opengl\x64\debug\opengl.tlog\link.6580.read.1.tlog
d:\opengl\my_projects\opengl\opengl\x64\debug\opengl.tlog\link.6580.write.1.tlog
d:\opengl\my_projects\opengl\opengl\x64\debug\opengl.tlog\link.command.1.tlog
d:\opengl\my_projects\opengl\opengl\x64\debug\opengl.tlog\link.read.1.tlog
d:\opengl\my_projects\opengl\opengl\x64\debug\opengl.tlog\link.write.1.tlog
