  Application.cpp
D:\openGL\My_Projects\openGL\openGL\hdr\Shader.h(5,10): fatal error C1083: Cannot open include file: 'glm/matrix.hpp': No such file or directory
  IndexBuffClass.cpp
D:\openGL\My_Projects\openGL\openGL\hdr\Shader.h(5,10): fatal error C1083: Cannot open include file: 'glm/matrix.hpp': No such file or directory
  Renderer.cpp
D:\openGL\My_Projects\openGL\openGL\hdr\Shader.h(5,10): fatal error C1083: Cannot open include file: 'glm/matrix.hpp': No such file or directory
  Shader.cpp
D:\openGL\My_Projects\openGL\openGL\hdr\Shader.h(5,10): fatal error C1083: Cannot open include file: 'glm/matrix.hpp': No such file or directory
  Texture.cpp
D:\openGL\My_Projects\openGL\openGL\hdr\Shader.h(5,10): fatal error C1083: Cannot open include file: 'glm/matrix.hpp': No such file or directory
  glm.cpp
D:\openGL\My_Projects\openGL\openGL\src\Vendor\glm\detail\glm.cpp(7,10): fatal error C1083: Cannot open include file: 'glm/gtx/dual_quaternion.hpp': No such file or directory
  imgui.cpp
  imgui_demo.cpp
  imgui_draw.cpp
  imgui_impl_opengl3.cpp
  imgui_tables.cpp
  imgui_widgets.cpp
  stb_image.cpp
  VertexArray.cpp
D:\openGL\My_Projects\openGL\openGL\hdr\Shader.h(5,10): fatal error C1083: Cannot open include file: 'glm/matrix.hpp': No such file or directory
  VertexBuffClass.cpp
D:\openGL\My_Projects\openGL\openGL\hdr\Shader.h(5,10): fatal error C1083: Cannot open include file: 'glm/matrix.hpp': No such file or directory
